#
# A fatal error has been detected by the Java Runtime Environment:
#
#  EXCEPTION_ACCESS_VIOLATION (0xc0000005) at pc=0x000001f4cc911066, pid=4900, tid=0x00000000000008b0
#
# JRE version: OpenJDK Runtime Environment (8.0_312-b07) (build 1.8.0_312-b07)
# Java VM: OpenJDK 64-Bit Server VM (25.312-b07 mixed mode windows-amd64 compressed oops)
# Problematic frame:
# C  [OpenAL64.dll+0x11066]
#
# Failed to write core dump. Minidumps are not enabled by default on client versions of Windows
#
# If you would like to submit a bug report, please visit:
#   https://github.com/adoptium/adoptium-support/issues
# The crash happened outside the Java Virtual Machine in native code.
# See problematic frame for where to report the bug.
#

---------------  T H R E A D  ---------------

Current thread (0x000001f4aced6000):  JavaThread "main" [_thread_in_native, id=2224, stack(0x000000068f800000,0x000000068f900000)]

siginfo: ExceptionCode=0xc0000005, reading address 0x000001f4ca0f2004

Registers:
RAX=0x0000000000000004, RBX=0x000001f4ccaa0090, RCX=0x000001f4ca0f2008, RDX=0x000001f4ca0f2004
RSP=0x000000068f8fcb50, RBP=0x00000000000000ff, RSI=0x000001f4ca0ef5fc, RDI=0x0000000000000000
R8 =0x0000000000000a82, R9 =0x000001f4ca0ef5fc, R10=0x000001f4ae7b9c62, R11=0x0000000066a31ae0
R12=0x0000000000000001, R13=0x000001f4cc70c7c0, R14=0x000000068f8fccf0, R15=0x000001f4aced6000
RIP=0x000001f4cc911066, EFLAGS=0x0000000000010202

Top of Stack: (sp=0x000000068f8fcb50)
0x000000068f8fcb50:   0000000000000000 0000000000000000
0x000000068f8fcb60:   0000000000000000 000001f4aced6000
0x000000068f8fcb70:   000000068f8fccf0 0000000000000000
0x000000068f8fcb80:   000001f4aced6000 000001f4acec33d0
0x000000068f8fcb90:   000001f4cc70c7c0 000001f4cc70c7c0
0x000000068f8fcba0:   000001f4acea2c90 00000000668ca695
0x000000068f8fcbb0:   000000068f8fd480 000001f4acea2e90
0x000000068f8fcbc0:   000001f4aced6000 000000068f8fccf0
0x000000068f8fcbd0:   000001f4cc70c7c0 0000000000000000
0x000000068f8fcbe0:   000001f4ca0ef5fc 0000000000000248
0x000000068f8fcbf0:   000000068f8fccb8 000001f4cc91248f
0x000000068f8fcc00:   000001f4ccaa0090 000001f4ccaa0090
0x000000068f8fcc10:   000000000000ac44 000001f400000004
0x000000068f8fcc20:   000001f4ae7a7bd0 000001f4ae7b9c8e
0x000000068f8fcc30:   000001f4cc70c7c0 000000068f8fcc38
0x000000068f8fcc40:   000001f4ae7a7bd0 000001f4ae7b999b 

Instructions: (pc=0x000001f4cc911066)
0x000001f4cc911046:   41 2b ec 81 3a 03 00 02 00 75 09 8b 01 89 84 24
0x000001f4cc911056:   c8 00 00 00 49 83 c0 02 48 83 c1 08 4a 8d 14 86
0x000001f4cc911066:   39 3a 75 af 4c 8d 84 24 c0 00 00 00 48 8d 15 d7
0x000001f4cc911076:   2b 03 00 33 c9 e8 58 5f 00 00 b8 40 1f 00 00 4c 


Register to memory mapping:

RAX=0x0000000000000004 is an unknown value
RBX=0x000001f4ccaa0090 is an unknown value
RCX=0x000001f4ca0f2008 is an unknown value
RDX=0x000001f4ca0f2004 is an unknown value
RSP=0x000000068f8fcb50 is pointing into the stack for thread: 0x000001f4aced6000
RBP=0x00000000000000ff is an unknown value
RSI=0x000001f4ca0ef5fc is an unknown value
RDI=0x0000000000000000 is an unknown value
R8 =0x0000000000000a82 is an unknown value
R9 =0x000001f4ca0ef5fc is an unknown value
R10=0x000001f4ae7b9c62 is at code_begin+962 in an Interpreter codelet
method entry point (kind = native)  [0x000001f4ae7b98a0, 0x000001f4ae7ba340]  2720 bytes
R11=0x0000000066a31ae0 is an unknown value
R12=0x0000000000000001 is an unknown value
R13={method} {0x000001f4cc70c7c8} 'nalcCreateContext' '(JJ)J' in 'org/lwjgl/openal/ALC10'
R14=0x000000068f8fccf0 is pointing into the stack for thread: 0x000001f4aced6000
R15=0x000001f4aced6000 is a thread


Stack: [0x000000068f800000,0x000000068f900000],  sp=0x000000068f8fcb50,  free space=1010k
Native frames: (J=compiled Java code, j=interpreted, Vv=VM code, C=native code)
C  [OpenAL64.dll+0x11066]
C  [OpenAL64.dll+0x1248f]
C  0x000001f4ae7b9c8e

Java frames: (J=compiled Java code, j=interpreted, Vv=VM code)
j  org.lwjgl.openal.ALC10.nalcCreateContext(JJ)J+0
j  org.lwjgl.openal.ALC10.alcCreateContext(Lorg/lwjgl/openal/ALCdevice;Ljava/nio/IntBuffer;)Lorg/lwjgl/openal/ALCcontext;+8
j  org.lwjgl.openal.AL.init(Ljava/lang/String;IIZZ)V+69
j  org.lwjgl.openal.AL.create(Ljava/lang/String;IIZZ)V+246
j  org.lwjgl.openal.AL.create(Ljava/lang/String;IIZ)V+5
j  org.lwjgl.openal.AL.create()V+6
j  com.badlogic.gdx.backends.lwjgl.audio.OpenALAudio.<init>(III)V+114
j  com.badlogic.gdx.backends.lwjgl.LwjglApplication.<init>(Lcom/badlogic/gdx/ApplicationListener;Lcom/badlogic/gdx/backends/lwjgl/LwjglApplicationConfiguration;Lcom/badlogic/gdx/backends/lwjgl/LwjglGraphics;)V+120
j  com.badlogic.gdx.backends.lwjgl.LwjglApplication.<init>(Lcom/badlogic/gdx/ApplicationListener;Lcom/badlogic/gdx/backends/lwjgl/LwjglApplicationConfiguration;)V+11
j  org.uqbar.project.wollok.game.gameboard.WollokGDXApplication.<init>(Lorg/uqbar/project/wollok/game/gameboard/Gameboard;Ljava/lang/Boolean;)V+17
j  org.uqbar.project.wollok.game.helpers.Application.start(Lorg/uqbar/project/wollok/game/gameboard/Gameboard;Ljava/lang/Boolean;)V+5
j  org.uqbar.project.wollok.game.gameboard.Gameboard.start(Ljava/lang/Boolean;)V+13
j  wollok.game.GameObject.doStart(Ljava/lang/Boolean;)V+12
v  ~StubRoutines::call_stub
j  sun.reflect.NativeMethodAccessorImpl.invoke0(Ljava/lang/reflect/Method;Ljava/lang/Object;[Ljava/lang/Object;)Ljava/lang/Object;+0
j  sun.reflect.NativeMethodAccessorImpl.invoke(Ljava/lang/Object;[Ljava/lang/Object;)Ljava/lang/Object;+100
J 2719 C1 sun.reflect.DelegatingMethodAccessorImpl.invoke(Ljava/lang/Object;[Ljava/lang/Object;)Ljava/lang/Object; (10 bytes) @ 0x000001f4af09460c [0x000001f4af094500+0x10c]
J 2718 C1 java.lang.reflect.Method.invoke(Ljava/lang/Object;[Ljava/lang/Object;)Ljava/lang/Object; (62 bytes) @ 0x000001f4af094034 [0x000001f4af093c40+0x3f4]
j  org.uqbar.project.wollok.ui.utils.XTendUtilExtensions.invokeConvertingArgs(Ljava/lang/reflect/Method;Ljava/lang/Object;[Ljava/lang/Object;)Lorg/uqbar/project/wollok/interpreter/core/WollokObject;+261
j  org.uqbar.project.wollok.interpreter.AbstractWollokCallable._invokeNative(Ljava/lang/Object;Ljava/lang/String;[Lorg/uqbar/project/wollok/interpreter/core/WollokObject;)Lorg/uqbar/project/wollok/interpreter/core/WollokObject;+41
j  org.uqbar.project.wollok.interpreter.AbstractWollokCallable.invokeNative(Ljava/lang/Object;Ljava/lang/String;[Lorg/uqbar/project/wollok/interpreter/core/WollokObject;)Lorg/uqbar/project/wollok/interpreter/core/WollokObject;+26
j  org.uqbar.project.wollok.interpreter.AbstractWollokCallable$1.apply()Lorg/uqbar/project/wollok/interpreter/core/WollokObject;+55
j  org.uqbar.project.wollok.interpreter.AbstractWollokCallable$1.apply()Ljava/lang/Object;+1
j  org.uqbar.project.wollok.interpreter.threads.WThread.performOnStack(Lorg/eclipse/emf/ecore/EObject;Lorg/uqbar/project/wollok/interpreter/context/EvaluationContext;Lorg/eclipse/xtext/xbase/lib/Functions$Function0;)Lorg/uqbar/project/wollok/interpreter/core/WollokObject;+29
j  org.uqbar.project.wollok.interpreter.WollokInterpreter.performOnStack(Lorg/eclipse/emf/ecore/EObject;Lorg/uqbar/project/wollok/interpreter/context/EvaluationContext;Lorg/eclipse/xtext/xbase/lib/Functions$Function0;)Lorg/uqbar/project/wollok/interpreter/core/WollokObject;+7
j  org.uqbar.project.wollok.interpreter.AbstractWollokCallable.call(Lorg/uqbar/project/wollok/wollokDsl/WMethodDeclaration;[Lorg/uqbar/project/wollok/interpreter/core/WollokObject;)Lorg/uqbar/project/wollok/interpreter/core/WollokObject;+38
j  org.uqbar.project.wollok.interpreter.core.WollokObject.call(Ljava/lang/String;[Lorg/uqbar/project/wollok/interpreter/core/WollokObject;)Lorg/uqbar/project/wollok/interpreter/core/WollokObject;+55
j  org.uqbar.project.wollok.interpreter.WollokInterpreterEvaluator._evaluate(Lorg/uqbar/project/wollok/wollokDsl/WFeatureCall;)Lorg/uqbar/project/wollok/interpreter/core/WollokObject;+119
j  org.uqbar.project.wollok.launch.WollokLauncherInterpreterEvaluator.evaluate(Lorg/eclipse/emf/ecore/EObject;)Lorg/uqbar/project/wollok/interpreter/core/WollokObject;+412
j  org.uqbar.project.wollok.interpreter.WollokInterpreterEvaluator.evaluate(Lorg/eclipse/emf/ecore/EObject;)Ljava/lang/Object;+2
j  org.uqbar.project.wollok.interpreter.WollokInterpreter.eval(Lorg/eclipse/emf/ecore/EObject;)Lorg/uqbar/project/wollok/interpreter/core/WollokObject;+63
j  org.uqbar.project.wollok.interpreter.WollokInterpreterEvaluator.eval(Lorg/eclipse/emf/ecore/EObject;)Lorg/uqbar/project/wollok/interpreter/core/WollokObject;+5
j  org.uqbar.project.wollok.interpreter.WollokInterpreterEvaluator$1.apply(Lorg/uqbar/project/wollok/interpreter/core/WollokObject;Lorg/eclipse/emf/ecore/EObject;)Lorg/uqbar/project/wollok/interpreter/core/WollokObject;+5
j  org.uqbar.project.wollok.interpreter.WollokInterpreterEvaluator$1.apply(Ljava/lang/Object;Ljava/lang/Object;)Ljava/lang/Object;+9
j  org.eclipse.xtext.xbase.lib.IteratorExtensions.fold(Ljava/util/Iterator;Ljava/lang/Object;Lorg/eclipse/xtext/xbase/lib/Functions$Function2;)Ljava/lang/Object;+19
j  org.eclipse.xtext.xbase.lib.IterableExtensions.fold(Ljava/lang/Iterable;Ljava/lang/Object;Lorg/eclipse/xtext/xbase/lib/Functions$Function2;)Ljava/lang/Object;+8
j  org.uqbar.project.wollok.interpreter.WollokInterpreterEvaluator.evalAll(Ljava/lang/Iterable;)Lorg/uqbar/project/wollok/interpreter/core/WollokObject;+12
j  org.uqbar.project.wollok.interpreter.WollokInterpreterEvaluator._evaluate(Lorg/uqbar/project/wollok/wollokDsl/WBlockExpression;)Lorg/uqbar/project/wollok/interpreter/core/WollokObject;+34
j  org.uqbar.project.wollok.launch.WollokLauncherInterpreterEvaluator.evaluate(Lorg/eclipse/emf/ecore/EObject;)Lorg/uqbar/project/wollok/interpreter/core/WollokObject;+76
j  org.uqbar.project.wollok.interpreter.WollokInterpreterEvaluator.evaluate(Lorg/eclipse/emf/ecore/EObject;)Ljava/lang/Object;+2
j  org.uqbar.project.wollok.interpreter.WollokInterpreter.eval(Lorg/eclipse/emf/ecore/EObject;)Lorg/uqbar/project/wollok/interpreter/core/WollokObject;+63
j  org.uqbar.project.wollok.interpreter.AbstractWollokCallable.eval(Lorg/eclipse/emf/ecore/EObject;)Lorg/uqbar/project/wollok/interpreter/core/WollokObject;+5
j  org.uqbar.project.wollok.interpreter.AbstractWollokCallable$1.apply()Lorg/uqbar/project/wollok/interpreter/core/WollokObject;+110
j  org.uqbar.project.wollok.interpreter.AbstractWollokCallable$1.apply()Ljava/lang/Object;+1
j  org.uqbar.project.wollok.interpreter.threads.WThread.performOnStack(Lorg/eclipse/emf/ecore/EObject;Lorg/uqbar/project/wollok/interpreter/context/EvaluationContext;Lorg/eclipse/xtext/xbase/lib/Functions$Function0;)Lorg/uqbar/project/wollok/interpreter/core/WollokObject;+29
j  org.uqbar.project.wollok.interpreter.WollokInterpreter.performOnStack(Lorg/eclipse/emf/ecore/EObject;Lorg/uqbar/project/wollok/interpreter/context/EvaluationContext;Lorg/eclipse/xtext/xbase/lib/Functions$Function0;)Lorg/uqbar/project/wollok/interpreter/core/WollokObject;+7
j  org.uqbar.project.wollok.interpreter.AbstractWollokCallable.call(Lorg/uqbar/project/wollok/wollokDsl/WMethodDeclaration;[Lorg/uqbar/project/wollok/interpreter/core/WollokObject;)Lorg/uqbar/project/wollok/interpreter/core/WollokObject;+38
j  org.uqbar.project.wollok.interpreter.core.WollokObject.call(Ljava/lang/String;[Lorg/uqbar/project/wollok/interpreter/core/WollokObject;)Lorg/uqbar/project/wollok/interpreter/core/WollokObject;+55
j  org.uqbar.project.wollok.interpreter.WollokInterpreterEvaluator._evaluate(Lorg/uqbar/project/wollok/wollokDsl/WFeatureCall;)Lorg/uqbar/project/wollok/interpreter/core/WollokObject;+119
j  org.uqbar.project.wollok.launch.WollokLauncherInterpreterEvaluator.evaluate(Lorg/eclipse/emf/ecore/EObject;)Lorg/uqbar/project/wollok/interpreter/core/WollokObject;+412
j  org.uqbar.project.wollok.interpreter.WollokInterpreterEvaluator.evaluate(Lorg/eclipse/emf/ecore/EObject;)Ljava/lang/Object;+2
j  org.uqbar.project.wollok.interpreter.WollokInterpreter.eval(Lorg/eclipse/emf/ecore/EObject;)Lorg/uqbar/project/wollok/interpreter/core/WollokObject;+63
j  org.uqbar.project.wollok.interpreter.WollokInterpreterEvaluator.eval(Lorg/eclipse/emf/ecore/EObject;)Lorg/uqbar/project/wollok/interpreter/core/WollokObject;+5
j  org.uqbar.project.wollok.interpreter.WollokInterpreterEvaluator$1.apply(Lorg/uqbar/project/wollok/interpreter/core/WollokObject;Lorg/eclipse/emf/ecore/EObject;)Lorg/uqbar/project/wollok/interpreter/core/WollokObject;+5
j  org.uqbar.project.wollok.interpreter.WollokInterpreterEvaluator$1.apply(Ljava/lang/Object;Ljava/lang/Object;)Ljava/lang/Object;+9
j  org.eclipse.xtext.xbase.lib.IteratorExtensions.fold(Ljava/util/Iterator;Ljava/lang/Object;Lorg/eclipse/xtext/xbase/lib/Functions$Function2;)Ljava/lang/Object;+19
j  org.eclipse.xtext.xbase.lib.IterableExtensions.fold(Ljava/lang/Iterable;Ljava/lang/Object;Lorg/eclipse/xtext/xbase/lib/Functions$Function2;)Ljava/lang/Object;+8
j  org.uqbar.project.wollok.interpreter.WollokInterpreterEvaluator.evalAll(Ljava/lang/Iterable;)Lorg/uqbar/project/wollok/interpreter/core/WollokObject;+12
j  org.uqbar.project.wollok.interpreter.WollokInterpreterEvaluator._evaluate(Lorg/uqbar/project/wollok/wollokDsl/WProgram;)Lorg/uqbar/project/wollok/interpreter/core/WollokObject;+18
j  org.uqbar.project.wollok.launch.WollokLauncherInterpreterEvaluator.evaluate(Lorg/eclipse/emf/ecore/EObject;)Lorg/uqbar/project/wollok/interpreter/core/WollokObject;+444
j  org.uqbar.project.wollok.interpreter.WollokInterpreterEvaluator.evaluate(Lorg/eclipse/emf/ecore/EObject;)Ljava/lang/Object;+2
j  org.uqbar.project.wollok.interpreter.WollokInterpreter.eval(Lorg/eclipse/emf/ecore/EObject;)Lorg/uqbar/project/wollok/interpreter/core/WollokObject;+63
j  org.uqbar.project.wollok.interpreter.WollokInterpreterEvaluator.eval(Lorg/eclipse/emf/ecore/EObject;)Lorg/uqbar/project/wollok/interpreter/core/WollokObject;+5
j  org.uqbar.project.wollok.launch.WollokLauncherInterpreterEvaluator._evaluate(Lorg/uqbar/project/wollok/wollokDsl/WFile;)Lorg/uqbar/project/wollok/interpreter/core/WollokObject;+32
j  org.uqbar.project.wollok.launch.WollokLauncherInterpreterEvaluator.evaluate(Lorg/eclipse/emf/ecore/EObject;)Lorg/uqbar/project/wollok/interpreter/core/WollokObject;+428
j  org.uqbar.project.wollok.interpreter.WollokInterpreterEvaluator.evaluate(Lorg/eclipse/emf/ecore/EObject;)Ljava/lang/Object;+2
j  org.uqbar.project.wollok.interpreter.WollokInterpreter.interpret(Lorg/eclipse/emf/ecore/EObject;Ljava/lang/Boolean;)Lorg/uqbar/project/wollok/interpreter/core/WollokObject;+25
j  org.uqbar.project.wollok.interpreter.WollokInterpreter.interpret(Lorg/eclipse/emf/ecore/EObject;)Lorg/uqbar/project/wollok/interpreter/core/WollokObject;+8
j  org.uqbar.project.wollok.launch.WollokLauncher.doSomething(Lorg/uqbar/project/wollok/wollokDsl/WFile;Lcom/google/inject/Injector;Ljava/io/File;Lorg/uqbar/project/wollok/launch/WollokLauncherParameters;)V+109
j  org.uqbar.project.wollok.launch.WollokChecker.launch(Ljava/lang/String;Lorg/uqbar/project/wollok/launch/WollokLauncherParameters;)V+31
j  org.uqbar.project.wollok.launch.WollokChecker.doMain([Ljava/lang/String;)V+205
j  org.uqbar.project.wollok.launch.WollokLauncher.main([Ljava/lang/String;)V+8
v  ~StubRoutines::call_stub

---------------  P R O C E S S  ---------------

Java Threads: ( => current thread )
  0x000001f4c9855800 JavaThread "com.google.inject.internal.util.$Finalizer" daemon [_thread_blocked, id=3144, stack(0x0000000690900000,0x0000000690a00000)]
  0x000001f4c9874800 JavaThread "EMF Reference Cleaner" daemon [_thread_blocked, id=7080, stack(0x0000000690800000,0x0000000690900000)]
  0x000001f4c8129000 JavaThread "Service Thread" daemon [_thread_blocked, id=2740, stack(0x0000000690600000,0x0000000690700000)]
  0x000001f4c80eb000 JavaThread "C1 CompilerThread2" daemon [_thread_blocked, id=1620, stack(0x0000000690500000,0x0000000690600000)]
  0x000001f4c80e6800 JavaThread "C2 CompilerThread1" daemon [_thread_in_native, id=2948, stack(0x0000000690400000,0x0000000690500000)]
  0x000001f4c80e9800 JavaThread "C2 CompilerThread0" daemon [_thread_blocked, id=7904, stack(0x0000000690300000,0x0000000690400000)]
  0x000001f4c80dd000 JavaThread "Attach Listener" daemon [_thread_blocked, id=2516, stack(0x0000000690200000,0x0000000690300000)]
  0x000001f4c80db800 JavaThread "Signal Dispatcher" daemon [_thread_blocked, id=9156, stack(0x0000000690100000,0x0000000690200000)]
  0x000001f4c80b3000 JavaThread "Finalizer" daemon [_thread_blocked, id=9436, stack(0x000000068ff00000,0x0000000690000000)]
  0x000001f4c80ac000 JavaThread "Reference Handler" daemon [_thread_blocked, id=1616, stack(0x000000068fe00000,0x000000068ff00000)]
=>0x000001f4aced6000 JavaThread "main" [_thread_in_native, id=2224, stack(0x000000068f800000,0x000000068f900000)]

Other Threads:
  0x000001f4c8081800 VMThread [stack: 0x000000068fd00000,0x000000068fe00000] [id=8080]
  0x000001f4c80e8000 WatcherThread [stack: 0x0000000690700000,0x0000000690800000] [id=1260]

VM state:not at safepoint (normal execution)

VM Mutex/Monitor currently owned by a thread: None

heap address: 0x00000006c0a00000, size: 4086 MB, Compressed Oops mode: Zero based, Oop shift amount: 3
Narrow klass base: 0x0000000000000000, Narrow klass shift: 3
Compressed class space size: 1073741824 Address: 0x00000007c0000000

Heap:
 PSYoungGen      total 141824K, used 5195K [0x000000076ae00000, 0x000000077c300000, 0x00000007c0000000)
  eden space 131072K, 3% used [0x000000076ae00000,0x000000076b312e68,0x0000000772e00000)
  from space 10752K, 0% used [0x0000000772e00000,0x0000000772e00000,0x0000000773880000)
  to   space 10752K, 0% used [0x000000077b880000,0x000000077b880000,0x000000077c300000)
 ParOldGen       total 135680K, used 20448K [0x00000006c0a00000, 0x00000006c8e80000, 0x000000076ae00000)
  object space 135680K, 15% used [0x00000006c0a00000,0x00000006c1df80f8,0x00000006c8e80000)
 Metaspace       used 21189K, capacity 21484K, committed 21504K, reserved 1069056K
  class space    used 2692K, capacity 2798K, committed 2816K, reserved 1048576K

Card table byte_map: [0x000001f4bdb60000,0x000001f4be360000] byte_map_base: 0x000001f4ba55b000

Marking Bits: (ParMarkBitMap*) 0x000000006701c860
 Begin Bits: [0x000001f4be8c0000, 0x000001f4c2898000)
 End Bits:   [0x000001f4c2898000, 0x000001f4c6870000)

Polling page: 0x000001f4ace60000

CodeCache: size=245760Kb used=10349Kb max_used=10361Kb free=235410Kb
 bounds [0x000001f4ae7a0000, 0x000001f4af1d0000, 0x000001f4bd7a0000]
 total_blobs=3631 nmethods=3188 adapters=353
 compilation: enabled

Compilation events (10 events):
Event: 2.067 Thread 0x000001f4c80eb000 nmethod 3188 0x000001f4af1a9b10 code [0x000001f4af1a9c80, 0x000001f4af1a9ef8]
Event: 2.067 Thread 0x000001f4c80eb000 3189       1       java.nio.DirectByteBuffer::ix (10 bytes)
Event: 2.067 Thread 0x000001f4c80eb000 nmethod 3189 0x000001f4af1a9850 code [0x000001f4af1a99a0, 0x000001f4af1a9ab8]
Event: 2.067 Thread 0x000001f4c80e9800 nmethod 2955 0x000001f4af1a4650 code [0x000001f4af1a47a0, 0x000001f4af1a4888]
Event: 2.067 Thread 0x000001f4c80e9800 2956       4       org.eclipse.xtext.util.Pair::equals (108 bytes)
Event: 2.069 Thread 0x000001f4c80e9800 nmethod 2956 0x000001f4af1a9210 code [0x000001f4af1a9360, 0x000001f4af1a9638]
Event: 2.069 Thread 0x000001f4c80e9800 3036       4       java.util.LinkedHashMap::newNode (23 bytes)
Event: 2.070 Thread 0x000001f4c80e9800 nmethod 3036 0x000001f4af1a8e50 code [0x000001f4af1a8fa0, 0x000001f4af1a9118]
Event: 2.070 Thread 0x000001f4c80e9800 3051       4       java.util.LinkedHashMap::afterNodeInsertion (40 bytes)
Event: 2.070 Thread 0x000001f4c80e9800 nmethod 3051 0x000001f4af1a25d0 code [0x000001f4af1a2720, 0x000001f4af1a27d8]

GC Heap History (8 events):
Event: 0.614 GC heap before
{Heap before GC invocations=1 (full 0):
 PSYoungGen      total 76288K, used 65536K [0x000000076ae00000, 0x0000000770300000, 0x00000007c0000000)
  eden space 65536K, 100% used [0x000000076ae00000,0x000000076ee00000,0x000000076ee00000)
  from space 10752K, 0% used [0x000000076f880000,0x000000076f880000,0x0000000770300000)
  to   space 10752K, 0% used [0x000000076ee00000,0x000000076ee00000,0x000000076f880000)
 ParOldGen       total 175104K, used 0K [0x00000006c0a00000, 0x00000006cb500000, 0x000000076ae00000)
  object space 175104K, 0% used [0x00000006c0a00000,0x00000006c0a00000,0x00000006cb500000)
 Metaspace       used 8529K, capacity 8616K, committed 8832K, reserved 1056768K
  class space    used 1023K, capacity 1076K, committed 1152K, reserved 1048576K
Event: 0.623 GC heap after
Heap after GC invocations=1 (full 0):
 PSYoungGen      total 76288K, used 10730K [0x000000076ae00000, 0x0000000774300000, 0x00000007c0000000)
  eden space 65536K, 0% used [0x000000076ae00000,0x000000076ae00000,0x000000076ee00000)
  from space 10752K, 99% used [0x000000076ee00000,0x000000076f87ab90,0x000000076f880000)
  to   space 10752K, 0% used [0x0000000773880000,0x0000000773880000,0x0000000774300000)
 ParOldGen       total 175104K, used 6070K [0x00000006c0a00000, 0x00000006cb500000, 0x000000076ae00000)
  object space 175104K, 3% used [0x00000006c0a00000,0x00000006c0feda30,0x00000006cb500000)
 Metaspace       used 8529K, capacity 8616K, committed 8832K, reserved 1056768K
  class space    used 1023K, capacity 1076K, committed 1152K, reserved 1048576K
}
Event: 1.272 GC heap before
{Heap before GC invocations=2 (full 0):
 PSYoungGen      total 76288K, used 76266K [0x000000076ae00000, 0x0000000774300000, 0x00000007c0000000)
  eden space 65536K, 100% used [0x000000076ae00000,0x000000076ee00000,0x000000076ee00000)
  from space 10752K, 99% used [0x000000076ee00000,0x000000076f87ab90,0x000000076f880000)
  to   space 10752K, 0% used [0x0000000773880000,0x0000000773880000,0x0000000774300000)
 ParOldGen       total 175104K, used 6070K [0x00000006c0a00000, 0x00000006cb500000, 0x000000076ae00000)
  object space 175104K, 3% used [0x00000006c0a00000,0x00000006c0feda30,0x00000006cb500000)
 Metaspace       used 16277K, capacity 16394K, committed 16512K, reserved 1062912K
  class space    used 2108K, capacity 2143K, committed 2176K, reserved 1048576K
Event: 1.286 GC heap after
Heap after GC invocations=2 (full 0):
 PSYoungGen      total 141824K, used 10750K [0x000000076ae00000, 0x0000000774300000, 0x00000007c0000000)
  eden space 131072K, 0% used [0x000000076ae00000,0x000000076ae00000,0x0000000772e00000)
  from space 10752K, 99% used [0x0000000773880000,0x00000007742ff8c0,0x0000000774300000)
  to   space 10752K, 0% used [0x0000000772e00000,0x0000000772e00000,0x0000000773880000)
 ParOldGen       total 175104K, used 17862K [0x00000006c0a00000, 0x00000006cb500000, 0x000000076ae00000)
  object space 175104K, 10% used [0x00000006c0a00000,0x00000006c1b71988,0x00000006cb500000)
 Metaspace       used 16277K, capacity 16394K, committed 16512K, reserved 1062912K
  class space    used 2108K, capacity 2143K, committed 2176K, reserved 1048576K
}
Event: 1.985 GC heap before
{Heap before GC invocations=3 (full 0):
 PSYoungGen      total 141824K, used 61822K [0x000000076ae00000, 0x0000000774300000, 0x00000007c0000000)
  eden space 131072K, 38% used [0x000000076ae00000,0x000000076dfdffd8,0x0000000772e00000)
  from space 10752K, 99% used [0x0000000773880000,0x00000007742ff8c0,0x0000000774300000)
  to   space 10752K, 0% used [0x0000000772e00000,0x0000000772e00000,0x0000000773880000)
 ParOldGen       total 175104K, used 17862K [0x00000006c0a00000, 0x00000006cb500000, 0x000000076ae00000)
  object space 175104K, 10% used [0x00000006c0a00000,0x00000006c1b71988,0x00000006cb500000)
 Metaspace       used 20894K, capacity 21164K, committed 21248K, reserved 1067008K
  class space    used 2648K, capacity 2734K, committed 2816K, reserved 1048576K
Event: 2.001 GC heap after
Heap after GC invocations=3 (full 0):
 PSYoungGen      total 141824K, used 10744K [0x000000076ae00000, 0x000000077c300000, 0x00000007c0000000)
  eden space 131072K, 0% used [0x000000076ae00000,0x000000076ae00000,0x0000000772e00000)
  from space 10752K, 99% used [0x0000000772e00000,0x000000077387e340,0x0000000773880000)
  to   space 10752K, 0% used [0x000000077b880000,0x000000077b880000,0x000000077c300000)
 ParOldGen       total 175104K, used 23343K [0x00000006c0a00000, 0x00000006cb500000, 0x000000076ae00000)
  object space 175104K, 13% used [0x00000006c0a00000,0x00000006c20cbe80,0x00000006cb500000)
 Metaspace       used 20894K, capacity 21164K, committed 21248K, reserved 1067008K
  class space    used 2648K, capacity 2734K, committed 2816K, reserved 1048576K
}
Event: 2.002 GC heap before
{Heap before GC invocations=4 (full 1):
 PSYoungGen      total 141824K, used 10744K [0x000000076ae00000, 0x000000077c300000, 0x00000007c0000000)
  eden space 131072K, 0% used [0x000000076ae00000,0x000000076ae00000,0x0000000772e00000)
  from space 10752K, 99% used [0x0000000772e00000,0x000000077387e340,0x0000000773880000)
  to   space 10752K, 0% used [0x000000077b880000,0x000000077b880000,0x000000077c300000)
 ParOldGen       total 175104K, used 23343K [0x00000006c0a00000, 0x00000006cb500000, 0x000000076ae00000)
  object space 175104K, 13% used [0x00000006c0a00000,0x00000006c20cbe80,0x00000006cb500000)
 Metaspace       used 20894K, capacity 21164K, committed 21248K, reserved 1067008K
  class space    used 2648K, capacity 2734K, committed 2816K, reserved 1048576K
Event: 2.048 GC heap after
Heap after GC invocations=4 (full 1):
 PSYoungGen      total 141824K, used 0K [0x000000076ae00000, 0x000000077c300000, 0x00000007c0000000)
  eden space 131072K, 0% used [0x000000076ae00000,0x000000076ae00000,0x0000000772e00000)
  from space 10752K, 0% used [0x0000000772e00000,0x0000000772e00000,0x0000000773880000)
  to   space 10752K, 0% used [0x000000077b880000,0x000000077b880000,0x000000077c300000)
 ParOldGen       total 135680K, used 20448K [0x00000006c0a00000, 0x00000006c8e80000, 0x000000076ae00000)
  object space 135680K, 15% used [0x00000006c0a00000,0x00000006c1df80f8,0x00000006c8e80000)
 Metaspace       used 20894K, capacity 21164K, committed 21248K, reserved 1067008K
  class space    used 2648K, capacity 2734K, committed 2816K, reserved 1048576K
}

Deoptimization events (10 events):
Event: 1.580 Thread 0x000001f4aced6000 Uncommon trap: reason=unstable_if action=reinterpret pc=0x000001f4aeeede84 method=org.antlr.runtime.CommonTokenStream.LT(I)Lorg/antlr/runtime/Token; @ 46
Event: 1.585 Thread 0x000001f4aced6000 Uncommon trap: reason=bimorphic action=maybe_recompile pc=0x000001f4aed4a18c method=org.eclipse.emf.common.util.AbstractEList$EIterator.next()Ljava/lang/Object; @ 1
Event: 1.585 Thread 0x000001f4aced6000 Uncommon trap: reason=unstable_if action=reinterpret pc=0x000001f4aee36150 method=org.antlr.runtime.ANTLRStringStream.mark()I @ 4
Event: 1.585 Thread 0x000001f4aced6000 Uncommon trap: reason=class_check action=maybe_recompile pc=0x000001f4aef6b2c8 method=org.eclipse.xtext.nodemodel.impl.NodeModelBuilder.addChild(Lorg/eclipse/xtext/nodemodel/ICompositeNode;Lorg/eclipse/xtext/nodemodel/impl/AbstractNode;)V @ 6
Event: 1.590 Thread 0x000001f4aced6000 Uncommon trap: reason=class_check action=maybe_recompile pc=0x000001f4aef6b2c8 method=org.eclipse.xtext.nodemodel.impl.NodeModelBuilder.addChild(Lorg/eclipse/xtext/nodemodel/ICompositeNode;Lorg/eclipse/xtext/nodemodel/impl/AbstractNode;)V @ 6
Event: 1.602 Thread 0x000001f4aced6000 Uncommon trap: reason=class_check action=maybe_recompile pc=0x000001f4aef6b2c8 method=org.eclipse.xtext.nodemodel.impl.NodeModelBuilder.addChild(Lorg/eclipse/xtext/nodemodel/ICompositeNode;Lorg/eclipse/xtext/nodemodel/impl/AbstractNode;)V @ 6
Event: 1.605 Thread 0x000001f4aced6000 Uncommon trap: reason=class_check action=maybe_recompile pc=0x000001f4aef6cfcc method=org.eclipse.xtext.nodemodel.impl.NodeModelBuilder.addChild(Lorg/eclipse/xtext/nodemodel/ICompositeNode;Lorg/eclipse/xtext/nodemodel/impl/AbstractNode;)V @ 6
Event: 1.725 Thread 0x000001f4aced6000 Uncommon trap: reason=unstable_if action=reinterpret pc=0x000001f4aecd51f8 method=java.util.concurrent.ConcurrentHashMap.putVal(Ljava/lang/Object;Ljava/lang/Object;Z)Ljava/lang/Object; @ 181
Event: 1.740 Thread 0x000001f4aced6000 Uncommon trap: reason=unstable_if action=reinterpret pc=0x000001f4aeb32e48 method=java.lang.ref.SoftReference.get()Ljava/lang/Object; @ 17
Event: 1.903 Thread 0x000001f4aced6000 Uncommon trap: reason=unstable_if action=reinterpret pc=0x000001f4aeaf0364 method=java.io.WinNTFileSystem.normalize(Ljava/lang/String;)Ljava/lang/String; @ 49

Classes redefined (0 events):
No events

Internal exceptions (10 events):
Event: 1.635 Thread 0x000001f4aced6000 Exception <a 'java/io/FileNotFoundException'> (0x000000076c35f9c0) thrown at [E:\jenkins\tmp\workspace\build\src\hotspot\src\share\vm\prims\jni.cpp, line 711]
Event: 1.638 Thread 0x000001f4aced6000 Exception <a 'java/io/FileNotFoundException'> (0x000000076c3830d8) thrown at [E:\jenkins\tmp\workspace\build\src\hotspot\src\share\vm\prims\jni.cpp, line 711]
Event: 1.642 Thread 0x000001f4aced6000 Exception <a 'java/io/FileNotFoundException'> (0x000000076c3e9618) thrown at [E:\jenkins\tmp\workspace\build\src\hotspot\src\share\vm\prims\jni.cpp, line 711]
Event: 1.683 Thread 0x000001f4aced6000 Exception <a 'java/io/FileNotFoundException'> (0x000000076c6d9720) thrown at [E:\jenkins\tmp\workspace\build\src\hotspot\src\share\vm\prims\jni.cpp, line 711]
Event: 2.072 Thread 0x000001f4aced6000 Exception <a 'java/security/PrivilegedActionException'> (0x000000076af24508) thrown at [E:\jenkins\tmp\workspace\build\src\hotspot\src\share\vm\prims\jvm.cpp, line 1523]
Event: 2.072 Thread 0x000001f4aced6000 Exception <a 'java/security/PrivilegedActionException'> (0x000000076af25a38) thrown at [E:\jenkins\tmp\workspace\build\src\hotspot\src\share\vm\prims\jvm.cpp, line 1523]
Event: 2.072 Thread 0x000001f4aced6000 Exception <a 'java/security/PrivilegedActionException'> (0x000000076af26e68) thrown at [E:\jenkins\tmp\workspace\build\src\hotspot\src\share\vm\prims\jvm.cpp, line 1523]
Event: 2.072 Thread 0x000001f4aced6000 Exception <a 'java/security/PrivilegedActionException'> (0x000000076af28528) thrown at [E:\jenkins\tmp\workspace\build\src\hotspot\src\share\vm\prims\jvm.cpp, line 1523]
Event: 2.072 Thread 0x000001f4aced6000 Exception <a 'java/security/PrivilegedActionException'> (0x000000076af29920) thrown at [E:\jenkins\tmp\workspace\build\src\hotspot\src\share\vm\prims\jvm.cpp, line 1523]
Event: 2.072 Thread 0x000001f4aced6000 Exception <a 'java/security/PrivilegedActionException'> (0x000000076af2ace8) thrown at [E:\jenkins\tmp\workspace\build\src\hotspot\src\share\vm\prims\jvm.cpp, line 1523]

Events (10 events):
Event: 2.089 loading class org/lwjgl/openal/ALCdevice
Event: 2.089 loading class org/lwjgl/openal/ALCdevice done
Event: 2.089 loading class org/lwjgl/openal/ALCcontext
Event: 2.089 loading class org/lwjgl/openal/ALCcontext done
Event: 2.090 loading class java/nio/DirectIntBufferU
Event: 2.090 loading class java/nio/DirectIntBufferU done
Event: 2.090 loading class org/lwjgl/openal/Util
Event: 2.090 loading class org/lwjgl/openal/Util done
Event: 2.090 loading class org/lwjgl/openal/OpenALException
Event: 2.090 loading class org/lwjgl/openal/OpenALException done


Dynamic libraries:
0x00007ff708610000 - 0x00007ff70864a000 	C:\Program Files\Eclipse Adoptium\jdk-8.0.312.7-hotspot\bin\javaw.exe
0x00007ffc654f0000 - 0x00007ffc656e5000 	C:\Windows\SYSTEM32\ntdll.dll
0x00007ffc64730000 - 0x00007ffc647ee000 	C:\Windows\System32\KERNEL32.DLL
0x00007ffc62f00000 - 0x00007ffc631c8000 	C:\Windows\System32\KERNELBASE.dll
0x00007ffc64560000 - 0x00007ffc6460c000 	C:\Windows\System32\ADVAPI32.dll
0x00007ffc64460000 - 0x00007ffc644fe000 	C:\Windows\System32\msvcrt.dll
0x00007ffc64610000 - 0x00007ffc646ab000 	C:\Windows\System32\sechost.dll
0x00007ffc63950000 - 0x00007ffc63a7a000 	C:\Windows\System32\RPCRT4.dll
0x00007ffc652a0000 - 0x00007ffc65441000 	C:\Windows\System32\USER32.dll
0x00007ffc63460000 - 0x00007ffc63482000 	C:\Windows\System32\win32u.dll
0x00007ffc64430000 - 0x00007ffc6445b000 	C:\Windows\System32\GDI32.dll
0x00007ffc63350000 - 0x00007ffc6345b000 	C:\Windows\System32\gdi32full.dll
0x00007ffc631d0000 - 0x00007ffc6326d000 	C:\Windows\System32\msvcp_win.dll
0x00007ffc62d70000 - 0x00007ffc62e70000 	C:\Windows\System32\ucrtbase.dll
0x00007ffc4eb40000 - 0x00007ffc4edda000 	C:\Windows\WinSxS\amd64_microsoft.windows.common-controls_6595b64144ccf1df_6.0.19041.1110_none_60b5254171f9507e\COMCTL32.dll
0x00007ffc64800000 - 0x00007ffc64830000 	C:\Windows\System32\IMM32.DLL
0x00007ffc378c0000 - 0x00007ffc379af000 	C:\Program Files\Eclipse Adoptium\jdk-8.0.312.7-hotspot\jre\bin\msvcr120.dll
0x00007ffc37730000 - 0x00007ffc377d6000 	C:\Program Files\Eclipse Adoptium\jdk-8.0.312.7-hotspot\jre\bin\msvcp120.dll
0x0000000066830000 - 0x000000006709b000 	C:\Program Files\Eclipse Adoptium\jdk-8.0.312.7-hotspot\jre\bin\server\jvm.dll
0x00007ffc643b0000 - 0x00007ffc643b8000 	C:\Windows\System32\PSAPI.DLL
0x00007ffc5e710000 - 0x00007ffc5e719000 	C:\Windows\SYSTEM32\WSOCK32.dll
0x00007ffc643c0000 - 0x00007ffc6442b000 	C:\Windows\System32\WS2_32.dll
0x00007ffc57b60000 - 0x00007ffc57b87000 	C:\Windows\SYSTEM32\WINMM.dll
0x00007ffc5b650000 - 0x00007ffc5b65a000 	C:\Windows\SYSTEM32\VERSION.dll
0x00007ffc5e700000 - 0x00007ffc5e70f000 	C:\Program Files\Eclipse Adoptium\jdk-8.0.312.7-hotspot\jre\bin\verify.dll
0x00007ffc48190000 - 0x00007ffc481b9000 	C:\Program Files\Eclipse Adoptium\jdk-8.0.312.7-hotspot\jre\bin\java.dll
0x00007ffc4d2b0000 - 0x00007ffc4d2c6000 	C:\Program Files\Eclipse Adoptium\jdk-8.0.312.7-hotspot\jre\bin\zip.dll
0x00007ffc63a80000 - 0x00007ffc641bf000 	C:\Windows\System32\SHELL32.dll
0x00007ffc60d30000 - 0x00007ffc614c0000 	C:\Windows\SYSTEM32\windows.storage.dll
0x00007ffc63540000 - 0x00007ffc63895000 	C:\Windows\System32\combase.dll
0x00007ffc62660000 - 0x00007ffc6268e000 	C:\Windows\SYSTEM32\Wldp.dll
0x00007ffc64300000 - 0x00007ffc643ad000 	C:\Windows\System32\SHCORE.dll
0x00007ffc64500000 - 0x00007ffc64555000 	C:\Windows\System32\shlwapi.dll
0x00007ffc62b50000 - 0x00007ffc62b6f000 	C:\Windows\SYSTEM32\profapi.dll
0x0000000065580000 - 0x0000000065616000 	C:\Users\Mati\AppData\Local\Temp\libgdxMati\12dfaa03\gdx64.dll
0x00007ffc625b0000 - 0x00007ffc625c8000 	C:\Windows\SYSTEM32\CRYPTSP.dll
0x00007ffc61cd0000 - 0x00007ffc61d04000 	C:\Windows\system32\rsaenh.dll
0x00007ffc632d0000 - 0x00007ffc632f7000 	C:\Windows\System32\bcrypt.dll
0x00007ffc62b10000 - 0x00007ffc62b3e000 	C:\Windows\SYSTEM32\USERENV.dll
0x00007ffc62e70000 - 0x00007ffc62ef3000 	C:\Windows\System32\bcryptprimitives.dll
0x00007ffc625d0000 - 0x00007ffc625dc000 	C:\Windows\SYSTEM32\CRYPTBASE.dll
0x00007ffc48170000 - 0x00007ffc4818a000 	C:\Program Files\Eclipse Adoptium\jdk-8.0.312.7-hotspot\jre\bin\net.dll
0x00007ffc623c0000 - 0x00007ffc6242a000 	C:\Windows\system32\mswsock.dll
0x00007ffc62060000 - 0x00007ffc6209b000 	C:\Windows\SYSTEM32\IPHLPAPI.DLL
0x00007ffc64830000 - 0x00007ffc64838000 	C:\Windows\System32\NSI.dll
0x00007ffc5b670000 - 0x00007ffc5b687000 	C:\Windows\SYSTEM32\dhcpcsvc6.DLL
0x00007ffc5b4e0000 - 0x00007ffc5b4fd000 	C:\Windows\SYSTEM32\dhcpcsvc.DLL
0x00007ffc620b0000 - 0x00007ffc6217b000 	C:\Windows\SYSTEM32\DNSAPI.dll
0x00007ffc48150000 - 0x00007ffc48162000 	C:\Program Files\Eclipse Adoptium\jdk-8.0.312.7-hotspot\jre\bin\nio.dll
0x0000000180000000 - 0x0000000180053000 	C:\Users\Mati\AppData\Local\Temp\libgdxMati\dc0f0009\lwjgl64.dll
0x00007ffc36370000 - 0x00007ffc36495000 	C:\Windows\SYSTEM32\OPENGL32.dll
0x00007ffc46190000 - 0x00007ffc461bc000 	C:\Windows\SYSTEM32\GLU32.dll
0x000001f4cc900000 - 0x000001f4cc964000 	C:\Users\Mati\AppData\Local\Temp\libgdxMati\dc0f0009\OpenAL64.dll
0x00007ffc648c0000 - 0x00007ffc649ea000 	C:\Windows\System32\ole32.dll
0x00007ffc60b30000 - 0x00007ffc60b42000 	C:\Windows\SYSTEM32\kernel.appcore.dll
0x00007ffc60650000 - 0x00007ffc606ee000 	C:\Windows\system32\uxtheme.dll
0x00007ffc638a0000 - 0x00007ffc63949000 	C:\Windows\System32\clbcatq.dll
0x00007ffc5db90000 - 0x00007ffc5dc2c000 	C:\Windows\SYSTEM32\dsound.dll
0x00007ffc621d0000 - 0x00007ffc6221b000 	C:\Windows\SYSTEM32\powrprof.dll
0x00007ffc47030000 - 0x00007ffc47056000 	C:\Windows\SYSTEM32\winmmbase.dll
0x00007ffc62040000 - 0x00007ffc62052000 	C:\Windows\SYSTEM32\UMPDC.dll
0x00007ffc5b690000 - 0x00007ffc5b715000 	C:\Windows\System32\MMDevApi.dll
0x00007ffc629b0000 - 0x00007ffc629e4000 	C:\Windows\System32\DEVOBJ.dll
0x00007ffc63300000 - 0x00007ffc6334e000 	C:\Windows\System32\cfgmgr32.dll
0x00007ffc5b850000 - 0x00007ffc5b9d1000 	C:\Windows\SYSTEM32\AUDIOSES.DLL
0x00007ffc651d0000 - 0x00007ffc6529d000 	C:\Windows\System32\OLEAUT32.dll
0x00007ffc556b0000 - 0x00007ffc55894000 	C:\Windows\SYSTEM32\dbghelp.dll

VM Arguments:
jvm_args: -Duser.language=es_ES -Dfile.encoding=UTF-8 
java_command: org.uqbar.project.wollok.launch.WollokLauncher -requestsPort 0 -eventsPort 0 -folder -dontValidate -wf src/main.wpgm -darkMode
java_class_path (initial): D:\git\tpgame-los-perris\bin;D:\Programas\Wollok\plugins\com.ibm.icu_64.2.0.v20190507-1337.jar;D:\Programas\Wollok\plugins\org.eclipse.xtext_2.20.0.v20191202-0915.jar;D:\Programas\Wollok\plugins\org.eclipse.emf.ecore.xmi_2.16.0.v20190528-0725.jar;D:\Programas\Wollok\plugins\org.eclipse.emf.ecore_2.20.0.v20190920-0401.jar;D:\Programas\Wollok\plugins\org.eclipse.emf.common_2.17.0.v20190920-0401.jar;D:\Programas\Wollok\plugins\org.antlr.runtime_3.2.0.v201101311130.jar;D:\Programas\Wollok\plugins\com.google.inject_3.0.0.v201605172100.jar;D:\Programas\Wollok\plugins\org.eclipse.emf.mwe.core_1.5.1.v20191121-1148.jar;D:\Programas\Wollok\plugins\org.apache.commons.cli_1.2.0.v201404270220.jar;D:\Programas\Wollok\plugins\org.eclipse.emf.mwe2.runtime_2.11.1.v20191121-1148.jar;D:\Programas\Wollok\plugins\org.eclipse.emf.mwe.utils_1.5.1.v20191121-1148.jar;D:\Programas\Wollok\plugins\org.eclipse.xtext.util_2.20.0.v20191202-0915.jar;D:\Programas\Wollok\plugins\com.google.guava_27.1.0.v20190517-1946.jar;D:\Programas\Wollok\plugins\javax.inject_1.0.0.v20091030.jar;D:\Programas\Wollok\plugins\org.eclipse.xtext.generator_2.20.0.v20191202-0933.jar;D:\Programas\Wollok\plugins\org.eclipse.xtext.xtext.generator_2.20.0.v20191202-0915.jar;D:\Programas\Wollok\plugins\org.eclipse.xtext.xbase.lib_2.20.0.v20191202-0907.jar;D:\Programas\Wollok\plugins\org.eclipse.emf.codegen.ecore_2.20.0.v20191012-0918.jar;D:\Programas\Wollok\plugins\org.eclipse.emf.codegen_2.19.0.v20190821-1536.jar;D:\Programas\Wollok\plugins\org.eclipse.xtend_2.2.0.v201605260315.jar;D:\Programas\Wollok\plugins\org.eclipse.xpand_2.2.0.v201605260315.jar;D:\Programas\Wollok\plugins\org.eclipse.xtend.typesystem.emf_2.2.0.v201605260315.jar;D:\Programas\Wollok\plugins\org.uqbar.project.wollok_3.0.0.jar;D:\Programas\Wollok\plugins\org.eclipse.xtext.xbase_2.20.0.v20191202-0933.jar;D:\Programas\Wollok\plugins\org.eclipse.xtext.common.types_2.20.0.v20191202-0933.jar;D:\Programas\Wollok\plugins\org.eclipse.xt
Launcher Type: SUN_STANDARD

Environment Variables:
PATH=C:/Program Files/Eclipse Adoptium/jdk-8.0.312.7-hotspot/bin/../jre/bin/server;C:/Program Files/Eclipse Adoptium/jdk-8.0.312.7-hotspot/bin/../jre/bin;C:/Program Files/Eclipse Adoptium/jdk-8.0.312.7-hotspot/bin/../jre/lib/amd64;C:\Program Files\Eclipse Adoptium\jdk-8.0.312.7-hotspot\bin;C:\Windows\system32;C:\Windows;C:\Windows\System32\Wbem;C:\Windows\System32\WindowsPowerShell\v1.0\;C:\Windows\System32\OpenSSH\;C:\Program Files (x86)\Intel\Intel(R) Management Engine Components\DAL;C:\Program Files\Intel\Intel(R) Management Engine Components\DAL;C:\Program Files\NVIDIA Corporation\NVIDIA NvDLISR;C:\Program Files (x86)\NVIDIA Corporation\PhysX\Common;C:\Program Files\Git\cmd;C:\Users\Mati\AppData\Local\Programs\Python\Python310\Scripts\;C:\Users\Mati\AppData\Local\Programs\Python\Python310\;C:\Users\Mati\AppData\Local\Microsoft\WindowsApps;C:\Users\Mati\AppData\Local\Programs\Microsoft VS Code\bin;D:\Programas\Wollok;
USERNAME=Mati
OS=Windows_NT
PROCESSOR_IDENTIFIER=Intel64 Family 6 Model 158 Stepping 9, GenuineIntel



---------------  S Y S T E M  ---------------

OS: Windows 10.0 , 64 bit Build 19041 (10.0.19041.1320)

CPU:total 4 (initial active 4) (4 cores per cpu, 1 threads per core) family 6 model 158 stepping 9, cmov, cx8, fxsr, mmx, sse, sse2, sse3, ssse3, sse4.1, sse4.2, popcnt, avx, avx2, aes, clmul, erms, 3dnowpref, lzcnt, tsc, tscinvbit, bmi1, bmi2, adx

Memory: 4k page, physical 16736072k(10578776k free), swap 19226440k(8419348k free)

vm_info: OpenJDK 64-Bit Server VM (25.312-b07) for windows-amd64 JRE (1.8.0_312-b07), built on Oct 19 2021 15:47:56 by "jenkins" with MS VC++ 12.0 (VS2013)

time: Mon Nov 08 01:05:49 2021
timezone: Hora estándar de Argentina
elapsed time: 2.118943 seconds (0d 0h 0m 2s)

